2020-12-26 17:22:13 - {"success":-1,"traffic":""}
2020-12-27 00:06:24 - {"success":-1,"traffic":""}
2020-12-27 00:08:58 - {"success":-1,"traffic":""}
2020-12-27 01:13:04 - {"success":1,"traffic":383451048}
2020-12-27 02:25:57 - {"success":0,"traffic":""}
2020-12-27 08:41:36 - {"success":0,"traffic":""}
2020-12-27 17:18:56 - {"success":0,"traffic":""}
2020-12-28 02:27:22 - {"success":1,"traffic":362990370}
2020-12-28 08:41:32 - {"success":0,"traffic":""}
2020-12-28 17:20:02 - {"success":0,"traffic":""}
2020-12-29 02:31:33 - {"success":1,"traffic":689560913}
2020-12-29 08:42:20 - {"success":0,"traffic":""}
2020-12-29 17:22:31 - {"success":0,"traffic":""}
2020-12-30 02:37:08 - {"success":0,"traffic":""}
2020-12-30 08:43:53 - {"success":0,"traffic":""}
2020-12-30 17:22:27 - {"success":0,"traffic":""}
2020-12-31 02:37:03 - {"success":1,"traffic":68286589}
2020-12-31 08:45:46 - {"success":0,"traffic":""}
2020-12-31 17:25:11 - {"success":0,"traffic":""}
2021-01-01 02:39:59 - {"success":1,"traffic":533200569}
2021-01-01 08:46:06 - {"success":0,"traffic":""}
2021-01-01 17:24:08 - {"success":0,"traffic":""}
2021-01-02 02:35:35 - {"success":1,"traffic":497519112}
2021-01-02 08:44:13 - {"success":0,"traffic":""}
2021-01-04 17:26:15 - {"success":0,"traffic":""}
2021-01-05 02:37:02 - {"success":1,"traffic":123629657}
2021-01-05 08:47:23 - {"success":0,"traffic":""}
2021-01-05 17:27:10 - {"success":0,"traffic":""}
2021-01-06 02:37:11 - {"success":1,"traffic":667710438}
2021-01-06 08:47:27 - {"success":0,"traffic":""}
2021-01-06 17:27:45 - {"success":0,"traffic":""}
2021-01-07 02:38:39 - {"success":1,"traffic":588859761}
2021-01-07 08:51:04 - {"success":0,"traffic":""}
2021-01-07 17:28:38 - {"success":0,"traffic":""}
2021-01-08 02:38:57 - {"success":1,"traffic":579772013}
2021-01-08 08:50:15 - {"success":0,"traffic":""}
2021-01-08 17:29:19 - {"success":0,"traffic":""}
2021-01-09 02:35:56 - {"success":1,"traffic":614065707}
2021-01-09 08:50:33 - {"success":0,"traffic":""}
2021-01-09 17:29:56 - {"success":0,"traffic":""}
2021-01-10 02:39:20 - {"success":1,"traffic":533488995}
2021-01-10 08:53:14 - {"success":0,"traffic":""}
2021-01-10 17:30:34 - {"success":0,"traffic":""}
2021-01-11 02:39:15 - {"success":1,"traffic":262443702}
2021-01-11 08:52:11 - {"success":0,"traffic":""}
2021-01-11 17:34:05 - {"success":0,"traffic":""}
2021-01-12 02:39:45 - {"success":1,"traffic":569457501}
2021-01-12 08:54:45 - {"success":0,"traffic":""}
2021-01-12 17:34:43 - {"success":0,"traffic":""}
2021-01-13 02:45:04 - {"success":1,"traffic":658878931}
2021-01-13 09:01:34 - {"success":0,"traffic":""}
2021-01-13 17:43:06 - {"success":0,"traffic":""}
2021-01-14 02:54:22 - {"success":1,"traffic":400536878}
2021-01-14 09:09:32 - {"success":0,"traffic":""}
2021-01-14 17:44:05 - {"success":0,"traffic":""}
2021-01-15 02:51:19 - {"success":1,"traffic":473521110}
2021-01-15 09:05:53 - {"success":0,"traffic":""}
2021-01-15 17:42:17 - {"success":0,"traffic":""}
2021-01-16 02:50:30 - {"success":1,"traffic":664533342}
2021-01-16 09:07:45 - {"success":0,"traffic":""}
2021-01-16 17:41:11 - {"success":0,"traffic":""}
2021-01-17 02:48:44 - {"success":0,"traffic":""}
2021-01-17 09:06:43 - {"success":0,"traffic":""}
2021-01-18 02:47:53 - {"success":1,"traffic":115451916}
2021-01-18 09:05:09 - {"success":0,"traffic":""}
2021-01-18 17:44:06 - {"success":0,"traffic":""}
2021-01-19 02:49:28 - {"success":1,"traffic":441153958}
2021-01-19 09:07:54 - {"success":0,"traffic":""}
2021-01-19 17:46:26 - {"success":0,"traffic":""}
2021-01-20 02:49:57 - {"success":1,"traffic":203626311}
2021-01-20 09:09:28 - {"success":0,"traffic":""}
2021-01-20 17:48:10 - {"success":0,"traffic":""}
2021-01-21 02:50:37 - {"success":1,"traffic":594733449}
2021-01-21 09:09:02 - {"success":0,"traffic":""}
2021-01-21 17:46:56 - {"success":0,"traffic":""}
2021-01-22 02:48:46 - {"success":1,"traffic":542922625}
2021-01-22 17:45:08 - {"success":0,"traffic":""}
2021-01-23 02:49:19 - {"success":1,"traffic":556859183}
2021-01-23 09:07:31 - {"success":0,"traffic":""}
2021-01-23 17:42:06 - {"success":0,"traffic":""}
2021-01-24 02:48:25 - {"success":1,"traffic":719546275}
2021-01-24 09:07:44 - {"success":0,"traffic":""}
2021-01-25 02:48:55 - {"success":1,"traffic":133974001}
2021-01-25 09:07:28 - {"success":0,"traffic":""}
2021-01-25 17:45:51 - {"success":0,"traffic":""}
2021-01-26 02:49:29 - {"success":1,"traffic":235637737}
2021-01-26 08:36:14 - {"success":0,"traffic":""}
2021-01-26 17:16:05 - {"success":0,"traffic":""}
2021-01-27 02:23:43 - {"success":1,"traffic":667493032}
2021-01-27 08:34:30 - {"success":0,"traffic":""}
2021-01-27 17:16:16 - {"success":0,"traffic":""}
2021-01-28 02:25:01 - {"success":1,"traffic":72423235}
2021-01-28 08:36:21 - {"success":0,"traffic":""}
2021-01-28 17:31:28 - {"success":0,"traffic":""}
2021-01-29 02:26:36 - {"success":1,"traffic":237784378}
2021-01-29 08:34:23 - {"success":0,"traffic":""}
2021-01-29 17:18:00 - {"success":0,"traffic":""}
2021-01-30 02:27:30 - {"success":1,"traffic":297689288}
2021-01-30 08:35:01 - {"success":0,"traffic":""}
2021-01-30 17:15:43 - {"success":0,"traffic":""}
2021-01-31 02:24:05 - {"success":1,"traffic":455265952}
2021-01-31 08:36:57 - {"success":0,"traffic":""}
2021-01-31 17:15:50 - {"success":0,"traffic":""}
2021-02-01 02:24:19 - {"success":1,"traffic":287228968}
2021-02-01 08:37:29 - {"success":0,"traffic":""}
2021-02-01 17:17:59 - {"success":0,"traffic":""}
2021-02-02 02:27:31 - {"success":1,"traffic":179034359}
2021-02-02 08:34:59 - {"success":0,"traffic":""}
2021-02-03 02:27:06 - {"success":1,"traffic":612272935}
2021-02-03 08:30:48 - {"success":0,"traffic":""}
2021-02-03 17:12:55 - {"success":0,"traffic":""}
2021-02-04 02:18:53 - {"success":1,"traffic":114896133}
2021-02-04 08:28:11 - {"success":0,"traffic":""}
2021-02-04 17:11:57 - {"success":0,"traffic":""}
2021-02-05 02:13:12 - {"success":1,"traffic":44947566}
2021-02-05 08:28:36 - {"success":0,"traffic":""}
2021-02-05 17:11:59 - {"success":0,"traffic":""}
2021-02-06 02:12:54 - {"success":1,"traffic":496596047}
2021-02-06 08:28:12 - {"success":0,"traffic":""}
2021-02-06 17:11:55 - {"success":0,"traffic":""}
2021-02-07 02:12:29 - {"success":1,"traffic":681263106}
2021-02-07 08:29:30 - {"success":0,"traffic":""}
2021-02-07 17:11:47 - {"success":0,"traffic":""}
2021-02-08 02:12:36 - {"success":1,"traffic":647513853}
2021-02-08 08:28:31 - {"success":0,"traffic":""}
2021-02-08 17:12:01 - {"success":0,"traffic":""}
2021-02-09 02:13:09 - {"success":1,"traffic":46561955}
2021-02-09 08:28:36 - {"success":0,"traffic":""}
2021-02-09 17:12:03 - {"success":0,"traffic":""}
2021-02-10 02:13:01 - {"success":1,"traffic":526860334}
2021-02-10 08:27:42 - {"success":0,"traffic":""}
2021-02-10 17:12:19 - {"success":0,"traffic":""}
2021-02-11 02:13:00 - {"success":1,"traffic":556828223}
2021-02-11 08:28:32 - {"success":0,"traffic":""}
2021-02-11 17:12:25 - {"success":0,"traffic":""}
2021-02-12 02:13:07 - {"success":1,"traffic":331009915}
2021-02-12 08:28:43 - {"success":0,"traffic":""}
2021-02-12 17:12:17 - {"success":0,"traffic":""}
2021-02-13 02:13:08 - {"success":1,"traffic":690876756}
2021-02-13 08:28:33 - {"success":0,"traffic":""}
2021-02-13 17:12:19 - {"success":0,"traffic":""}
2021-02-14 02:12:34 - {"success":1,"traffic":619597404}
2021-02-14 08:29:53 - {"success":0,"traffic":""}
2021-02-14 17:12:27 - {"success":0,"traffic":""}
2021-02-15 02:12:36 - {"success":1,"traffic":390372179}
2021-02-15 08:29:14 - {"success":0,"traffic":""}
2021-02-15 17:12:29 - {"success":0,"traffic":""}
2021-02-16 02:13:11 - {"success":1,"traffic":238401038}
2021-02-16 08:29:05 - {"success":0,"traffic":""}
2021-02-16 17:12:06 - {"success":0,"traffic":""}
2021-02-17 02:13:11 - {"success":1,"traffic":285831133}
2021-02-17 08:28:54 - {"success":0,"traffic":""}
2021-02-17 17:12:25 - {"success":0,"traffic":""}
2021-02-18 02:10:45 - {"success":1,"traffic":673064751}
2021-02-18 08:30:16 - {"success":0,"traffic":""}
2021-02-18 17:12:20 - {"success":0,"traffic":""}
2021-02-19 02:13:07 - {"success":1,"traffic":482693447}
2021-02-19 08:29:07 - {"success":0,"traffic":""}
2021-02-19 17:12:12 - {"success":0,"traffic":""}
2021-02-20 02:13:15 - {"success":1,"traffic":695644444}
2021-02-20 08:28:55 - {"success":0,"traffic":""}
2021-02-20 17:12:12 - {"success":0,"traffic":""}
2021-02-21 02:13:00 - {"success":1,"traffic":534781869}
2021-02-21 08:30:44 - {"success":0,"traffic":""}
2021-02-21 17:11:51 - {"success":0,"traffic":""}
2021-02-22 02:12:59 - {"success":1,"traffic":301299585}
2021-02-22 08:29:47 - {"success":0,"traffic":""}
2021-02-22 17:10:26 - {"success":0,"traffic":""}
2021-02-23 02:13:00 - {"success":1,"traffic":608624212}
2021-02-23 08:29:24 - {"success":0,"traffic":""}
2021-02-23 17:12:29 - {"success":0,"traffic":""}
2021-02-24 02:12:58 - {"success":1,"traffic":21114780}
2021-02-24 08:29:43 - {"success":0,"traffic":""}
2021-02-24 17:12:26 - {"success":0,"traffic":""}
2021-02-25 02:13:11 - {"success":1,"traffic":87929998}
2021-02-25 08:29:44 - {"success":0,"traffic":""}
2021-02-25 17:12:59 - {"success":0,"traffic":""}
2021-02-26 02:13:05 - {"success":1,"traffic":247165333}
2021-02-26 08:31:03 - {"success":0,"traffic":""}
2021-02-26 17:12:38 - {"success":0,"traffic":""}
2021-02-27 02:12:52 - {"success":1,"traffic":582873538}
2021-02-27 08:29:47 - {"success":0,"traffic":""}
2021-02-27 17:12:29 - {"success":0,"traffic":""}
2021-02-28 02:13:01 - {"success":1,"traffic":125074209}
2021-02-28 08:31:47 - {"success":0,"traffic":""}
2021-02-28 17:12:39 - {"success":0,"traffic":""}
2021-03-01 02:12:59 - {"success":1,"traffic":670719848}
2021-03-01 08:32:01 - {"success":0,"traffic":""}
2021-03-01 17:12:59 - {"success":0,"traffic":""}
2021-03-02 02:12:53 - {"success":1,"traffic":80497237}
2021-03-02 08:25:27 - {"success":0,"traffic":""}
2021-03-02 17:12:51 - {"success":0,"traffic":""}
2021-03-03 02:11:23 - {"success":1,"traffic":595142973}
2021-03-03 08:29:59 - {"success":0,"traffic":""}
2021-03-03 17:12:40 - {"success":0,"traffic":""}
2021-03-04 02:15:42 - {"success":1,"traffic":466966881}
2021-03-04 08:30:00 - {"success":0,"traffic":""}
2021-03-04 17:13:02 - {"success":0,"traffic":""}
2021-03-05 02:13:09 - {"success":1,"traffic":245929242}
2021-03-05 08:30:49 - {"success":0,"traffic":""}
2021-03-05 17:12:29 - {"success":0,"traffic":""}
2021-03-27 17:17:21 - {"success":1,"traffic":94768269}
2021-03-28 02:28:53 - {"success":1,"traffic":153620878}
2021-03-28 08:49:09 - {"success":0,"traffic":""}
2021-03-28 17:16:54 - {"success":0,"traffic":""}
2021-03-29 02:28:08 - {"success":1,"traffic":730843054}
2021-03-29 08:50:37 - {"success":0,"traffic":""}
2021-03-29 17:22:02 - {"success":0,"traffic":""}
2021-03-30 02:24:28 - {"success":1,"traffic":268934878}
2021-03-30 08:47:13 - {"success":0,"traffic":""}
2021-03-30 17:17:31 - {"success":0,"traffic":""}
2021-03-31 02:30:42 - {"success":1,"traffic":511695547}
2021-03-31 08:44:05 - {"success":0,"traffic":""}
2021-03-31 17:17:15 - {"success":0,"traffic":""}
2021-04-01 02:28:56 - {"success":1,"traffic":68383617}
2021-04-01 08:50:06 - {"success":0,"traffic":""}
2021-04-01 17:17:59 - {"success":0,"traffic":""}
2021-04-02 02:32:00 - {"success":1,"traffic":608894955}
2021-04-02 08:56:11 - {"success":0,"traffic":""}
2021-04-02 17:18:34 - {"success":0,"traffic":""}
2021-04-03 02:30:23 - {"success":1,"traffic":387127224}
2021-04-03 08:49:09 - {"success":0,"traffic":""}
2021-04-03 17:16:43 - {"success":0,"traffic":""}
2021-04-04 02:31:47 - {"success":1,"traffic":569734615}
2021-04-04 08:52:07 - {"success":0,"traffic":""}
2021-04-04 17:16:23 - {"success":0,"traffic":""}
2021-04-05 02:28:39 - {"success":1,"traffic":120708188}
2021-04-05 08:52:45 - {"success":0,"traffic":""}
2021-04-05 17:17:52 - {"success":0,"traffic":""}
2021-04-06 02:30:33 - {"success":1,"traffic":94226810}
2021-04-06 08:51:23 - {"success":0,"traffic":""}
2021-04-06 17:17:52 - {"success":0,"traffic":""}
2021-04-07 02:32:40 - {"success":1,"traffic":348688839}
2021-04-07 08:50:30 - {"success":0,"traffic":""}
2021-04-07 17:17:10 - {"success":0,"traffic":""}
2021-04-08 02:31:23 - {"success":1,"traffic":547020958}
2021-04-08 08:53:40 - {"success":0,"traffic":""}
2021-04-08 17:17:04 - <!DOCTYPE html>
<html>
<head>
    <meta charset="UTF-8">
    <title>System Error</title>
    <meta name="robots" content="noindex,nofollow" />
    <meta name="viewport" content="width=device-width, initial-scale=1, user-scalable=no">
    <style>
        /* Base */
        body {
            color: #333;
            font: 14px Verdana, "Helvetica Neue", helvetica, Arial, 'Microsoft YaHei', sans-serif;
            margin: 0;
            padding: 0 20px 20px;
            word-break: break-word;
        }
        h1{
            margin: 10px 0 0;
            font-size: 28px;
            font-weight: 500;
            line-height: 32px;
        }
        h2{
            color: #4288ce;
            font-weight: 400;
            padding: 6px 0;
            margin: 6px 0 0;
            font-size: 18px;
            border-bottom: 1px solid #eee;
        }
        h3.subheading {
            color: #4288ce;
            margin: 6px 0 0;
            font-weight: 400;
        }
        h3{
            margin: 12px;
            font-size: 16px;
            font-weight: bold;
        }
        abbr{
            cursor: help;
            text-decoration: underline;
            text-decoration-style: dotted;
        }
        a{
            color: #868686;
            cursor: pointer;
        }
        a:hover{
            text-decoration: underline;
        }
        .line-error{
            background: #f8cbcb;
        }

        .echo table {
            width: 100%;
        }

        .echo pre {
            padding: 16px;
            overflow: auto;
            font-size: 85%;
            line-height: 1.45;
            background-color: #f7f7f7;
            border: 0;
            border-radius: 3px;
            font-family: Consolas, "Liberation Mono", Menlo, Courier, monospace;
        }

        .echo pre > pre {
            padding: 0;
            margin: 0;
        }
        /* Layout */
        .col-md-3 {
            width: 25%;
        }
        .col-md-9 {
            width: 75%;
        }
        [class^="col-md-"] {
            float: left;
        }
        .clearfix {
            clear:both;
        }
        @media only screen 
        and (min-device-width : 375px) 
        and (max-device-width : 667px) { 
            .col-md-3,
            .col-md-9 {
                width: 100%;
            }
        }
        /* Exception Info */
        .exception {
            margin-top: 20px;
        }
        .exception .message{
            padding: 12px;
            border: 1px solid #ddd;
            border-bottom: 0 none;
            line-height: 18px;
            font-size:16px;
            border-top-left-radius: 4px;
            border-top-right-radius: 4px;
            font-family: Consolas,"Liberation Mono",Courier,Verdana,"微软雅黑";
        }

        .exception .code{
            float: left;
            text-align: center;
            color: #fff;
            margin-right: 12px;
            padding: 16px;
            border-radius: 4px;
            background: #999;
        }
        .exception .source-code{
            padding: 6px;
            border: 1px solid #ddd;

            background: #f9f9f9;
            overflow-x: auto;

        }
        .exception .source-code pre{
            margin: 0;
        }
        .exception .source-code pre ol{
            margin: 0;
            color: #4288ce;
            display: inline-block;
            min-width: 100%;
            box-sizing: border-box;
        font-size:14px;
            font-family: "Century Gothic",Consolas,"Liberation Mono",Courier,Verdana;
            padding-left: 40px;
        }
        .exception .source-code pre li{
            border-left: 1px solid #ddd;
            height: 18px;
            line-height: 18px;
        }
        .exception .source-code pre code{
            color: #333;
            height: 100%;
            display: inline-block;
            border-left: 1px solid #fff;
        font-size:14px;
            font-family: Consolas,"Liberation Mono",Courier,Verdana,"微软雅黑";
        }
        .exception .trace{
            padding: 6px;
            border: 1px solid #ddd;
            border-top: 0 none;
            line-height: 16px;
        font-size:14px;
            font-family: Consolas,"Liberation Mono",Courier,Verdana,"微软雅黑";
        }
        .exception .trace ol{
            margin: 12px;
        }
        .exception .trace ol li{
            padding: 2px 4px;
        }
        .exception div:last-child{
            border-bottom-left-radius: 4px;
            border-bottom-right-radius: 4px;
        }

        /* Exception Variables */
        .exception-var table{
            width: 100%;
            margin: 12px 0;
            box-sizing: border-box;
            table-layout:fixed;
            word-wrap:break-word;            
        }
        .exception-var table caption{
            text-align: left;
            font-size: 16px;
            font-weight: bold;
            padding: 6px 0;
        }
        .exception-var table caption small{
            font-weight: 300;
            display: inline-block;
            margin-left: 10px;
            color: #ccc;
        }
        .exception-var table tbody{
            font-size: 13px;
            font-family: Consolas,"Liberation Mono",Courier,"微软雅黑";
        }
        .exception-var table td{
            padding: 0 6px;
            vertical-align: top;
            word-break: break-all;
        }
        .exception-var table td:first-child{
            width: 28%;
            font-weight: bold;
            white-space: nowrap;
        }
        .exception-var table td pre{
            margin: 0;
        }

        /* Copyright Info */
        .copyright{
            margin-top: 24px;
            padding: 12px 0;
            border-top: 1px solid #eee;
        }

        /* SPAN elements with the classes below are added by prettyprint. */
        pre.prettyprint .pln { color: #000 }  /* plain text */
        pre.prettyprint .str { color: #080 }  /* string content */
        pre.prettyprint .kwd { color: #008 }  /* a keyword */
        pre.prettyprint .com { color: #800 }  /* a comment */
        pre.prettyprint .typ { color: #606 }  /* a type name */
        pre.prettyprint .lit { color: #066 }  /* a literal value */
        /* punctuation, lisp open bracket, lisp close bracket */
        pre.prettyprint .pun, pre.prettyprint .opn, pre.prettyprint .clo { color: #660 }
        pre.prettyprint .tag { color: #008 }  /* a markup tag name */
        pre.prettyprint .atn { color: #606 }  /* a markup attribute name */
        pre.prettyprint .atv { color: #080 }  /* a markup attribute value */
        pre.prettyprint .dec, pre.prettyprint .var { color: #606 }  /* a declaration; a variable name */
        pre.prettyprint .fun { color: red }  /* a function name */
    </style>
</head>
<body>
    <div class="echo">
            </div>
        <div class="exception">
        
            <div class="info"><h1>页面错误！请稍后再试～</h1></div>
        
    </div>
        
    
    
    <div class="copyright">
        <a title="官方网站" href="http://www.thinkphp.cn">ThinkPHP</a> 
        <span>V5.0.24</span> 
        <span>{ 十年磨一剑-为API开发设计的高性能框架 }</span>
    </div>
    </body>
</html>

2021-04-09 02:29:43 - {"success":1,"traffic":262665847}
2021-04-09 08:48:08 - {"success":0,"traffic":""}
2021-04-09 17:18:19 - {"success":0,"traffic":""}
2021-04-10 02:21:21 - {"success":1,"traffic":606035870}
2021-04-10 08:51:21 - {"success":0,"traffic":""}
2021-04-10 17:16:02 - {"success":0,"traffic":""}
2021-04-11 02:25:49 - {"success":1,"traffic":379356719}
2021-04-11 08:53:13 - {"success":0,"traffic":""}
2021-04-11 17:16:11 - {"success":0,"traffic":""}
2021-04-12 02:25:57 - {"success":1,"traffic":264483433}
2021-04-12 08:52:25 - {"success":0,"traffic":""}
2021-04-12 17:17:35 - {"success":0,"traffic":""}
2021-04-13 02:28:46 - {"success":1,"traffic":391939051}
2021-04-13 08:53:20 - {"success":0,"traffic":""}
2021-04-13 17:17:36 - {"success":0,"traffic":""}
2021-04-14 02:26:49 - {"success":1,"traffic":7453177}
2021-04-14 08:47:19 - {"success":0,"traffic":""}
2021-04-14 17:16:07 - {"success":0,"traffic":""}
2021-04-15 02:25:03 - {"success":1,"traffic":9507604}
2021-04-15 08:50:08 - {"success":0,"traffic":""}
2021-04-15 17:16:12 - {"success":0,"traffic":""}
2021-04-16 02:28:02 - {"success":1,"traffic":398789187}
2021-04-16 08:48:44 - {"success":0,"traffic":""}
2021-04-16 17:16:54 - {"success":0,"traffic":""}
2021-04-17 02:27:27 - {"success":1,"traffic":493193055}
2021-04-17 08:48:25 - {"success":0,"traffic":""}
2021-04-17 17:15:55 - {"success":0,"traffic":""}
2021-04-18 02:24:18 - {"success":1,"traffic":48738577}
2021-04-18 08:51:16 - {"success":0,"traffic":""}
2021-04-18 17:16:03 - {"success":0,"traffic":""}
2021-04-19 02:24:18 - {"success":1,"traffic":601306690}
2021-04-19 08:50:26 - {"success":0,"traffic":""}
2021-04-19 17:16:39 - {"success":0,"traffic":""}
2021-04-20 02:25:45 - {"success":1,"traffic":676907115}
2021-04-20 08:50:35 - {"success":0,"traffic":""}
2021-04-20 17:16:36 - {"success":0,"traffic":""}
2021-04-21 02:26:56 - {"success":1,"traffic":96061055}
2021-04-21 08:49:41 - {"success":0,"traffic":""}
2021-04-21 17:16:54 - {"success":0,"traffic":""}
2021-04-22 02:27:52 - <html>
<head><title>502 Bad Gateway</title></head>
<body>
<center><h1>502 Bad Gateway</h1></center>
<hr><center>nginx</center>
</body>
</html>

2021-04-22 08:51:15 - <html>
<head><title>502 Bad Gateway</title></head>
<body>
<center><h1>502 Bad Gateway</h1></center>
<hr><center>nginx</center>
</body>
</html>

2021-04-22 17:17:20 - {"success":1,"traffic":430571730}
2021-04-23 02:29:52 - {"success":1,"traffic":562117483}
2021-04-23 08:50:55 - {"success":0,"traffic":""}
2021-04-23 17:18:06 - {"success":0,"traffic":""}
2021-04-24 02:29:57 - {"success":1,"traffic":204365862}
2021-04-24 08:51:53 - {"success":0,"traffic":""}
2021-04-24 17:16:42 - <!DOCTYPE html>
<html>
<head>
    <meta charset="UTF-8">
    <title>System Error</title>
    <meta name="robots" content="noindex,nofollow" />
    <meta name="viewport" content="width=device-width, initial-scale=1, user-scalable=no">
    <style>
        /* Base */
        body {
            color: #333;
            font: 14px Verdana, "Helvetica Neue", helvetica, Arial, 'Microsoft YaHei', sans-serif;
            margin: 0;
            padding: 0 20px 20px;
            word-break: break-word;
        }
        h1{
            margin: 10px 0 0;
            font-size: 28px;
            font-weight: 500;
            line-height: 32px;
        }
        h2{
            color: #4288ce;
            font-weight: 400;
            padding: 6px 0;
            margin: 6px 0 0;
            font-size: 18px;
            border-bottom: 1px solid #eee;
        }
        h3.subheading {
            color: #4288ce;
            margin: 6px 0 0;
            font-weight: 400;
        }
        h3{
            margin: 12px;
            font-size: 16px;
            font-weight: bold;
        }
        abbr{
            cursor: help;
            text-decoration: underline;
            text-decoration-style: dotted;
        }
        a{
            color: #868686;
            cursor: pointer;
        }
        a:hover{
            text-decoration: underline;
        }
        .line-error{
            background: #f8cbcb;
        }

        .echo table {
            width: 100%;
        }

        .echo pre {
            padding: 16px;
            overflow: auto;
            font-size: 85%;
            line-height: 1.45;
            background-color: #f7f7f7;
            border: 0;
            border-radius: 3px;
            font-family: Consolas, "Liberation Mono", Menlo, Courier, monospace;
        }

        .echo pre > pre {
            padding: 0;
            margin: 0;
        }
        /* Layout */
        .col-md-3 {
            width: 25%;
        }
        .col-md-9 {
            width: 75%;
        }
        [class^="col-md-"] {
            float: left;
        }
        .clearfix {
            clear:both;
        }
        @media only screen 
        and (min-device-width : 375px) 
        and (max-device-width : 667px) { 
            .col-md-3,
            .col-md-9 {
                width: 100%;
            }
        }
        /* Exception Info */
        .exception {
            margin-top: 20px;
        }
        .exception .message{
            padding: 12px;
            border: 1px solid #ddd;
            border-bottom: 0 none;
            line-height: 18px;
            font-size:16px;
            border-top-left-radius: 4px;
            border-top-right-radius: 4px;
            font-family: Consolas,"Liberation Mono",Courier,Verdana,"微软雅黑";
        }

        .exception .code{
            float: left;
            text-align: center;
            color: #fff;
            margin-right: 12px;
            padding: 16px;
            border-radius: 4px;
            background: #999;
        }
        .exception .source-code{
            padding: 6px;
            border: 1px solid #ddd;

            background: #f9f9f9;
            overflow-x: auto;

        }
        .exception .source-code pre{
            margin: 0;
        }
        .exception .source-code pre ol{
            margin: 0;
            color: #4288ce;
            display: inline-block;
            min-width: 100%;
            box-sizing: border-box;
        font-size:14px;
            font-family: "Century Gothic",Consolas,"Liberation Mono",Courier,Verdana;
            padding-left: 40px;
        }
        .exception .source-code pre li{
            border-left: 1px solid #ddd;
            height: 18px;
            line-height: 18px;
        }
        .exception .source-code pre code{
            color: #333;
            height: 100%;
            display: inline-block;
            border-left: 1px solid #fff;
        font-size:14px;
            font-family: Consolas,"Liberation Mono",Courier,Verdana,"微软雅黑";
        }
        .exception .trace{
            padding: 6px;
            border: 1px solid #ddd;
            border-top: 0 none;
            line-height: 16px;
        font-size:14px;
            font-family: Consolas,"Liberation Mono",Courier,Verdana,"微软雅黑";
        }
        .exception .trace ol{
            margin: 12px;
        }
        .exception .trace ol li{
            padding: 2px 4px;
        }
        .exception div:last-child{
            border-bottom-left-radius: 4px;
            border-bottom-right-radius: 4px;
        }

        /* Exception Variables */
        .exception-var table{
            width: 100%;
            margin: 12px 0;
            box-sizing: border-box;
            table-layout:fixed;
            word-wrap:break-word;            
        }
        .exception-var table caption{
            text-align: left;
            font-size: 16px;
            font-weight: bold;
            padding: 6px 0;
        }
        .exception-var table caption small{
            font-weight: 300;
            display: inline-block;
            margin-left: 10px;
            color: #ccc;
        }
        .exception-var table tbody{
            font-size: 13px;
            font-family: Consolas,"Liberation Mono",Courier,"微软雅黑";
        }
        .exception-var table td{
            padding: 0 6px;
            vertical-align: top;
            word-break: break-all;
        }
        .exception-var table td:first-child{
            width: 28%;
            font-weight: bold;
            white-space: nowrap;
        }
        .exception-var table td pre{
            margin: 0;
        }

        /* Copyright Info */
        .copyright{
            margin-top: 24px;
            padding: 12px 0;
            border-top: 1px solid #eee;
        }

        /* SPAN elements with the classes below are added by prettyprint. */
        pre.prettyprint .pln { color: #000 }  /* plain text */
        pre.prettyprint .str { color: #080 }  /* string content */
        pre.prettyprint .kwd { color: #008 }  /* a keyword */
        pre.prettyprint .com { color: #800 }  /* a comment */
        pre.prettyprint .typ { color: #606 }  /* a type name */
        pre.prettyprint .lit { color: #066 }  /* a literal value */
        /* punctuation, lisp open bracket, lisp close bracket */
        pre.prettyprint .pun, pre.prettyprint .opn, pre.prettyprint .clo { color: #660 }
        pre.prettyprint .tag { color: #008 }  /* a markup tag name */
        pre.prettyprint .atn { color: #606 }  /* a markup attribute name */
        pre.prettyprint .atv { color: #080 }  /* a markup attribute value */
        pre.prettyprint .dec, pre.prettyprint .var { color: #606 }  /* a declaration; a variable name */
        pre.prettyprint .fun { color: red }  /* a function name */
    </style>
</head>
<body>
    <div class="echo">
            </div>
        <div class="exception">
        
            <div class="info"><h1>页面错误！请稍后再试～</h1></div>
        
    </div>
        
    
    
    <div class="copyright">
        <a title="官方网站" href="http://www.thinkphp.cn">ThinkPHP</a> 
        <span>V5.0.24</span> 
        <span>{ 十年磨一剑-为API开发设计的高性能框架 }</span>
    </div>
    </body>
</html>

2021-04-25 02:27:49 - {"success":1,"traffic":80092606}
2021-04-25 08:53:38 - {"success":0,"traffic":""}
2021-04-25 17:16:48 - {"success":0,"traffic":""}
2021-04-26 02:29:06 - {"success":1,"traffic":83067779}
2021-04-26 08:53:03 - {"success":0,"traffic":""}
2021-04-26 17:17:53 - {"success":0,"traffic":""}
2021-04-27 02:29:15 - {"success":1,"traffic":4851608}
2021-04-27 08:50:36 - {"success":0,"traffic":""}
2021-04-27 17:16:53 - {"success":0,"traffic":""}
2021-04-28 02:29:30 - {"success":1,"traffic":469606169}
2021-04-28 08:51:00 - {"success":0,"traffic":""}
2021-04-28 17:17:12 - {"success":0,"traffic":""}
2021-04-29 02:29:47 - {"success":1,"traffic":87147549}
2021-04-29 08:49:24 - {"success":0,"traffic":""}
2021-04-29 17:14:58 - {"success":0,"traffic":""}
2021-04-30 02:24:58 - {"success":1,"traffic":611330237}
2021-04-30 08:43:08 - {"success":0,"traffic":""}
2021-04-30 17:14:58 - <html>
<head><title>504 Gateway Time-out</title></head>
<body>
<center><h1>504 Gateway Time-out</h1></center>
<hr><center>nginx</center>
</body>
</html>

2021-05-01 02:23:16 - <html>
<head><title>504 Gateway Time-out</title></head>
<body>
<center><h1>504 Gateway Time-out</h1></center>
<hr><center>nginx</center>
</body>
</html>

2021-05-01 08:45:40 - <html>
<head><title>504 Gateway Time-out</title></head>
<body>
<center><h1>504 Gateway Time-out</h1></center>
<hr><center>nginx</center>
</body>
</html>

2021-05-01 17:14:37 - <html>
<head><title>504 Gateway Time-out</title></head>
<body>
<center><h1>504 Gateway Time-out</h1></center>
<hr><center>nginx</center>
</body>
</html>

2021-05-02 02:23:10 - <html>
<head><title>504 Gateway Time-out</title></head>
<body>
<center><h1>504 Gateway Time-out</h1></center>
<hr><center>nginx</center>
</body>
</html>

2021-05-02 08:50:01 - <html>
<head><title>504 Gateway Time-out</title></head>
<body>
<center><h1>504 Gateway Time-out</h1></center>
<hr><center>nginx</center>
</body>
</html>

2021-05-02 17:14:52 - <html>
<head><title>504 Gateway Time-out</title></head>
<body>
<center><h1>504 Gateway Time-out</h1></center>
<hr><center>nginx</center>
</body>
</html>

2021-05-03 02:21:35 - <html>
<head><title>504 Gateway Time-out</title></head>
<body>
<center><h1>504 Gateway Time-out</h1></center>
<hr><center>nginx</center>
</body>
</html>

2021-05-03 08:45:00 - <html>
<head><title>504 Gateway Time-out</title></head>
<body>
<center><h1>504 Gateway Time-out</h1></center>
<hr><center>nginx</center>
</body>
</html>

2021-05-03 17:15:24 - <html>
<head><title>504 Gateway Time-out</title></head>
<body>
<center><h1>504 Gateway Time-out</h1></center>
<hr><center>nginx</center>
</body>
</html>

2021-05-04 02:22:21 - <html>
<head><title>504 Gateway Time-out</title></head>
<body>
<center><h1>504 Gateway Time-out</h1></center>
<hr><center>nginx</center>
</body>
</html>

2021-05-04 08:40:26 - <html>
<head><title>504 Gateway Time-out</title></head>
<body>
<center><h1>504 Gateway Time-out</h1></center>
<hr><center>nginx</center>
</body>
</html>

2021-05-04 17:14:03 - <html>
<head><title>504 Gateway Time-out</title></head>
<body>
<center><h1>504 Gateway Time-out</h1></center>
<hr><center>nginx</center>
</body>
</html>

2021-05-05 02:17:51 - <html>
<head><title>504 Gateway Time-out</title></head>
<body>
<center><h1>504 Gateway Time-out</h1></center>
<hr><center>nginx</center>
</body>
</html>

2021-05-05 08:36:23 - <html>
<head><title>504 Gateway Time-out</title></head>
<body>
<center><h1>504 Gateway Time-out</h1></center>
<hr><center>nginx</center>
</body>
</html>

2021-05-05 17:13:18 - <html>
<head><title>504 Gateway Time-out</title></head>
<body>
<center><h1>504 Gateway Time-out</h1></center>
<hr><center>nginx</center>
</body>
</html>

2021-05-06 02:20:28 - <html>
<head><title>504 Gateway Time-out</title></head>
<body>
<center><h1>504 Gateway Time-out</h1></center>
<hr><center>nginx</center>
</body>
</html>

2021-05-06 08:35:46 - <html>
<head><title>504 Gateway Time-out</title></head>
<body>
<center><h1>504 Gateway Time-out</h1></center>
<hr><center>nginx</center>
</body>
</html>

